d:\git\wsa-2020_course_project\wsa2020\wsa2020\debug\vc142.pdb
d:\git\wsa-2020_course_project\wsa2020\wsa2020\debug\vc142.idb
d:\git\wsa-2020_course_project\wsa2020\wsa2020\debug\parm.obj
d:\git\wsa-2020_course_project\wsa2020\wsa2020\debug\error.obj
d:\git\wsa-2020_course_project\wsa2020\wsa2020\debug\wsa2020.obj
d:\git\wsa-2020_course_project\wsa2020\wsa2020\debug\in.obj
d:\git\wsa-2020_course_project\wsa2020\wsa2020\debug\log.obj
d:\git\wsa-2020_course_project\wsa2020\wsa2020\debug\lt.obj
d:\git\wsa-2020_course_project\wsa2020\wsa2020\debug\lex.obj
d:\git\wsa-2020_course_project\wsa2020\wsa2020\debug\it.obj
d:\git\wsa-2020_course_project\wsa2020\wsa2020\debug\fst.obj
d:\git\wsa-2020_course_project\wsa2020\debug\wsa2020.exe
d:\git\wsa-2020_course_project\wsa2020\debug\wsa2020.ilk
d:\git\wsa-2020_course_project\wsa2020\debug\wsa2020.pdb
d:\git\wsa-2020_course_project\wsa2020\wsa2020\debug\wsa2020.tlog\cl.command.1.tlog
d:\git\wsa-2020_course_project\wsa2020\wsa2020\debug\wsa2020.tlog\cl.read.1.tlog
d:\git\wsa-2020_course_project\wsa2020\wsa2020\debug\wsa2020.tlog\cl.write.1.tlog
d:\git\wsa-2020_course_project\wsa2020\wsa2020\debug\wsa2020.tlog\link.command.1.tlog
d:\git\wsa-2020_course_project\wsa2020\wsa2020\debug\wsa2020.tlog\link.read.1.tlog
d:\git\wsa-2020_course_project\wsa2020\wsa2020\debug\wsa2020.tlog\link.write.1.tlog
