Сборка начата 12.12.2020 14:41:22.
Уровень детализации журнала: Normal.     1>Проект "D:\GIT\WSA-2020_course_project\WSA2020\WSA2020Lib\WSA2020Lib.vcxproj" в узле 2 (целевые объекты Build).
     1>InitializeBuildStatus:
         Создание "Debug\WSA2020Lib.tlog\unsuccessfulbuild", так как было задано "AlwaysCreate".
       ClCompile:
         C:\Program Files (x86)\Microsoft Visual Studio\2019\Enterprise\VC\Tools\MSVC\14.28.29333\bin\HostX86\x86\CL.exe /c /ZI /JMC /nologo /W3 /WX- /diagnostics:column /sdl /Od /Oy- /D WIN32 /D _DEBUG /D _LIB /D _UNICODE /D UNICODE /Gm- /EHsc /RTC1 /MDd /GS- /fp:precise /permissive- /Zc:wchar_t /Zc:forScope /Zc:inline /Fo"Debug\\" /Fd"Debug\WSA2020Lib.pdb" /Gd /TP /analyze- /FC /errorReport:prompt WSA2020Lib.cpp
     1>cl : командная строка warning D9025: переопределение "/sdl" на "/GS-"
         WSA2020Lib.cpp
     1>D:\GIT\WSA-2020_course_project\WSA2020\WSA2020Lib\WSA2020Lib.cpp(30): warning C4172: возвращение адреса локальной или временной переменной : buf
       Lib:
         C:\Program Files (x86)\Microsoft Visual Studio\2019\Enterprise\VC\Tools\MSVC\14.28.29333\bin\HostX86\x86\Lib.exe /OUT:"D:\GIT\WSA-2020_course_project\WSA2020\Debug\WSA2020Lib.lib" /NOLOGO /MACHINE:X86 /SUBSYSTEM:CONSOLE Debug\WSA2020Lib.obj
         WSA2020Lib.vcxproj -> D:\GIT\WSA-2020_course_project\WSA2020\Debug\WSA2020Lib.lib
       CopyFilesToOutputDirectory:
         Копирование файла из "D:\GIT\WSA-2020_course_project\WSA2020\WSA2020Lib\Debug\WSA2020Lib.pdb" в "D:\GIT\WSA-2020_course_project\WSA2020\Debug\WSA2020Lib.pdb".
       FinalizeBuildStatus:
         Файл "Debug\WSA2020Lib.tlog\unsuccessfulbuild" удаляется.
         Обращение к "Debug\WSA2020Lib.tlog\WSA2020Lib.lastbuildstate".
     1>Сборка проекта "D:\GIT\WSA-2020_course_project\WSA2020\WSA2020Lib\WSA2020Lib.vcxproj" завершена (целевые объекты Build).

Сборка успешно завершена.

       "D:\GIT\WSA-2020_course_project\WSA2020\WSA2020Lib\WSA2020Lib.vcxproj" (целевой объект Build ) (1) ->
       (Целевой объект ClCompile) -> 
         cl : командная строка warning D9025: переопределение "/sdl" на "/GS-"
         D:\GIT\WSA-2020_course_project\WSA2020\WSA2020Lib\WSA2020Lib.cpp(30): warning C4172: возвращение адреса локальной или временной переменной : buf

    Предупреждений: 2
    Ошибок: 0

Прошло времени 00:00:00.94
